0 info it worked if it ends with ok
1 verbose cli [ 'C:\\Program Files\\nodejs\\node.exe',
1 verbose cli   'C:\\Program Files\\nodejs\\node_modules\\npm\\bin\\npm-cli.js',
1 verbose cli   'run',
1 verbose cli   'build' ]
2 info using npm@3.10.10
3 info using node@v6.9.4
4 verbose run-script [ 'prebuild', 'build', 'postbuild' ]
5 info lifecycle ng2-auto-complete@0.5.1~prebuild: ng2-auto-complete@0.5.1
6 silly lifecycle ng2-auto-complete@0.5.1~prebuild: no script for prebuild, continuing
7 info lifecycle ng2-auto-complete@0.5.1~build: ng2-auto-complete@0.5.1
8 verbose lifecycle ng2-auto-complete@0.5.1~build: unsafe-perm in lifecycle true
9 verbose lifecycle ng2-auto-complete@0.5.1~build: PATH: C:\Program Files\nodejs\node_modules\npm\bin\node-gyp-bin;C:\Users\aloyn_000\WebstormProjects\ng2-auto-complete-0.5.1\node_modules\.bin;C:\Program Files (x86)\Intel\iCLS Client\;C:\Program Files\Intel\iCLS Client\;C:\WINDOWS\system32;C:\WINDOWS;C:\WINDOWS\System32\Wbem;C:\WINDOWS\System32\WindowsPowerShell\v1.0\;C:\Program Files\Intel\Intel(R) Management Engine Components\DAL;C:\Program Files\Intel\Intel(R) Management Engine Components\IPT;C:\Program Files (x86)\Intel\Intel(R) Management Engine Components\DAL;C:\Program Files (x86)\Intel\Intel(R) Management Engine Components\IPT;C:\Program Files (x86)\Skype\Phone\;C:\Users\aloyn_000\.dnx\bin;C:\Program Files\Microsoft DNX\Dnvm\;C:\Program Files (x86)\Windows Kits\8.1\Windows Performance Toolkit\;C:\Program Files\Microsoft SQL Server\120\DTS\Binn\;C:\Program Files\Microsoft SQL Server\Client SDK\ODBC\110\Tools\Binn\;C:\Program Files (x86)\Microsoft SQL Server\120\Tools\Binn\;C:\Program Files\Microsoft SQL Server\120\Tools\Binn\;C:\Program Files (x86)\Microsoft SQL Server\120\Tools\Binn\ManagementStudio\;C:\Program Files (x86)\Microsoft SQL Server\120\DTS\Binn\;C:\Program Files (x86)\VisualSVN\bin;C:\Program Files\TortoiseSVN\bin;C:\Program Files\SafeNet\Authentication\SAC\x64;C:\Program Files\SafeNet\Authentication\SAC\x32;C:\Program Files\Microsoft SQL Server\130\Tools\Binn\;C:\Program Files (x86)\NVIDIA Corporation\PhysX\Common;C:\Program Files\nodejs;C:\WTServer\bin;C:\WTServer\bin\PHP\32bit-PHP-5.6;C:\WTServer\bin\composer;C:\Program Files\Git\cmd; C:\Program Files\Java\jdk1.7.0_79\bin;C:\ant\bin;.bin;
10 verbose lifecycle ng2-auto-complete@0.5.1~build: CWD: C:\Users\aloyn_000\WebstormProjects\ng2-auto-complete-0.5.1
11 silly lifecycle ng2-auto-complete@0.5.1~build: Args: [ '/d /s /c', './build.cmd' ]
12 silly lifecycle ng2-auto-complete@0.5.1~build: Returned: code: 1  signal: null
13 info lifecycle ng2-auto-complete@0.5.1~build: Failed to exec build script
14 verbose stack Error: ng2-auto-complete@0.5.1 build: `./build.cmd`
14 verbose stack Exit status 1
14 verbose stack     at EventEmitter.<anonymous> (C:\Program Files\nodejs\node_modules\npm\lib\utils\lifecycle.js:255:16)
14 verbose stack     at emitTwo (events.js:106:13)
14 verbose stack     at EventEmitter.emit (events.js:191:7)
14 verbose stack     at ChildProcess.<anonymous> (C:\Program Files\nodejs\node_modules\npm\lib\utils\spawn.js:40:14)
14 verbose stack     at emitTwo (events.js:106:13)
14 verbose stack     at ChildProcess.emit (events.js:191:7)
14 verbose stack     at maybeClose (internal/child_process.js:877:16)
14 verbose stack     at Process.ChildProcess._handle.onexit (internal/child_process.js:226:5)
15 verbose pkgid ng2-auto-complete@0.5.1
16 verbose cwd C:\Users\aloyn_000\WebstormProjects\ng2-auto-complete-0.5.1
17 error Windows_NT 6.3.9600
18 error argv "C:\\Program Files\\nodejs\\node.exe" "C:\\Program Files\\nodejs\\node_modules\\npm\\bin\\npm-cli.js" "run" "build"
19 error node v6.9.4
20 error npm  v3.10.10
21 error code ELIFECYCLE
22 error ng2-auto-complete@0.5.1 build: `./build.cmd`
22 error Exit status 1
23 error Failed at the ng2-auto-complete@0.5.1 build script './build.cmd'.
23 error Make sure you have the latest version of node.js and npm installed.
23 error If you do, this is most likely a problem with the ng2-auto-complete package,
23 error not with npm itself.
23 error Tell the author that this fails on your system:
23 error     ./build.cmd
23 error You can get information on how to open an issue for this project with:
23 error     npm bugs ng2-auto-complete
23 error Or if that isn't available, you can get their info via:
23 error     npm owner ls ng2-auto-complete
23 error There is likely additional logging output above.
24 verbose exit [ 1, true ]
